2024.01.14 09:29:27 INFO  Started: Metals version 1.2.0 in folders '/home/valentin/Bureau/Labo/Java/PO - L2/Projet PO' for client Visual Studio Code 1.85.1.
2024.01.14 09:29:29 WARN  Build server is not auto-connectable.
2024.01.14 09:29:29 WARN  no build tool detected in workspace '/home/valentin/Bureau/Labo/Java/PO - L2/Projet PO'. The most common cause for this problem is that the editor was opened in the wrong working directory, for example if you use sbt then the workspace directory should contain build.sbt. 
2024.01.14 09:29:29 WARN  no build target for: /home/valentin/Bureau/Labo/Java/PO - L2/Projet PO/Projet-PO/src/main/App.java
2024.01.14 09:29:29 WARN  no build target for: /home/valentin/Bureau/Labo/Java/PO - L2/Projet PO/Projet-PO/src/main/Partie.java
2024.01.14 09:29:30 WARN  Running javac-semanticdb failed for file:///home/valentin/Bureau/Labo/Java/PO%20-%20L2/Projet%20PO/Projet-PO/src/main/App.java. Output:

2024.01.14 09:29:30 WARN  Running javac-semanticdb failed for file:///home/valentin/Bureau/Labo/Java/PO%20-%20L2/Projet%20PO/Projet-PO/src/main/Partie.java. Output:

2024.01.14 09:29:30 INFO  time: code lens generation in 1.56s
2024.01.14 09:29:35 INFO  no build target found for /home/valentin/Bureau/Labo/Java/PO - L2/Projet PO/Projet-PO/src/main/Partie.java. Using presentation compiler with project's scala-library version: 3.3.1
janv. 14, 2024 9:29:38 AM scala.meta.internal.pc.CompilerAccess handleError
GRAVE: A severe compiler error occurred, full details of the error can be found in the error report /home/valentin/Bureau/Labo/Java/PO - L2/Projet PO/.metals/.reports/metals-full/2024-01-14/r_compiler-error_09-29-38-579.md
janv. 14, 2024 9:29:39 AM scala.meta.internal.pc.CompilerAccess handleError
GRAVE: A severe compiler error occurred, full details of the error can be found in the error report /home/valentin/Bureau/Labo/Java/PO - L2/Projet PO/.metals/.reports/metals-full/2024-01-14/r_compiler-error_09-29-39-298.md
janv. 14, 2024 9:29:39 AM scala.meta.internal.pc.CompilerAccess handleError
GRAVE: A severe compiler error occurred, full details of the error can be found in the error report /home/valentin/Bureau/Labo/Java/PO - L2/Projet PO/.metals/.reports/metals-full/2024-01-14/r_compiler-error_09-29-39-795.md
janv. 14, 2024 9:29:44 AM org.eclipse.lsp4j.jsonrpc.services.GenericEndpoint notify
INFOS: Unsupported notification method: $/setTrace
2024.01.14 09:29:52 WARN  no build target for: /home/valentin/Bureau/Labo/Java/PO - L2/Projet PO/Projet-PO/src/main/Partie.java
janv. 14, 2024 9:29:52 AM scala.meta.internal.pc.CompilerAccess handleError
GRAVE: A severe compiler error occurred, full details of the error can be found in the error report /home/valentin/Bureau/Labo/Java/PO - L2/Projet PO/.metals/.reports/metals-full/2024-01-14/r_compiler-error_09-29-52-917.md
janv. 14, 2024 9:29:56 AM scala.meta.internal.pc.CompilerAccess handleError
GRAVE: A severe compiler error occurred, full details of the error can be found in the error report /home/valentin/Bureau/Labo/Java/PO - L2/Projet PO/.metals/.reports/metals-full/2024-01-14/r_compiler-error_09-29-56-868.md
2024.01.14 09:30:02 WARN  no build target for: /home/valentin/Bureau/Labo/Java/PO - L2/Projet PO/Projet-PO/src/main/Partie.java
janv. 14, 2024 9:30:02 AM scala.meta.internal.pc.CompilerAccess handleError
GRAVE: A severe compiler error occurred, full details of the error can be found in the error report /home/valentin/Bureau/Labo/Java/PO - L2/Projet PO/.metals/.reports/metals-full/2024-01-14/r_compiler-error_09-30-02-428.md
janv. 14, 2024 9:30:02 AM scala.meta.internal.pc.CompilerAccess handleError
GRAVE: A severe compiler error occurred, full details of the error can be found in the error report /home/valentin/Bureau/Labo/Java/PO - L2/Projet PO/.metals/.reports/metals-full/2024-01-14/r_compiler-error_09-30-02-826.md
janv. 14, 2024 9:30:03 AM scala.meta.internal.pc.CompilerAccess handleError
GRAVE: A severe compiler error occurred, full details of the error can be found in the error report /home/valentin/Bureau/Labo/Java/PO - L2/Projet PO/.metals/.reports/metals-full/2024-01-14/r_compiler-error_09-30-03-305.md
2024.01.14 09:30:04 WARN  no build target for: /home/valentin/Bureau/Labo/Java/PO - L2/Projet PO/Projet-PO/src/main/Partie.java
janv. 14, 2024 9:30:04 AM scala.meta.internal.pc.CompilerAccess handleError
GRAVE: A severe compiler error occurred, full details of the error can be found in the error report /home/valentin/Bureau/Labo/Java/PO - L2/Projet PO/.metals/.reports/metals-full/2024-01-14/r_compiler-error_09-30-04-878.md
janv. 14, 2024 9:30:05 AM scala.meta.internal.pc.CompilerAccess handleError
GRAVE: A severe compiler error occurred, full details of the error can be found in the error report /home/valentin/Bureau/Labo/Java/PO - L2/Projet PO/.metals/.reports/metals-full/2024-01-14/r_compiler-error_09-30-05-911.md
janv. 14, 2024 9:30:06 AM scala.meta.internal.pc.CompilerAccess handleError
GRAVE: A severe compiler error occurred, full details of the error can be found in the error report /home/valentin/Bureau/Labo/Java/PO - L2/Projet PO/.metals/.reports/metals-full/2024-01-14/r_compiler-error_09-30-06-366.md
janv. 14, 2024 9:30:23 AM scala.meta.internal.pc.CompilerAccess handleError
GRAVE: A severe compiler error occurred, full details of the error can be found in the error report /home/valentin/Bureau/Labo/Java/PO - L2/Projet PO/.metals/.reports/metals-full/2024-01-14/r_compiler-error_09-30-23-964.md
janv. 14, 2024 9:30:25 AM scala.meta.internal.pc.CompilerAccess handleError
GRAVE: A severe compiler error occurred, full details of the error can be found in the error report /home/valentin/Bureau/Labo/Java/PO - L2/Projet PO/.metals/.reports/metals-full/2024-01-14/r_compiler-error_09-30-25-183.md
janv. 14, 2024 9:30:27 AM scala.meta.internal.pc.CompilerAccess handleError
GRAVE: A severe compiler error occurred, full details of the error can be found in the error report /home/valentin/Bureau/Labo/Java/PO - L2/Projet PO/.metals/.reports/metals-full/2024-01-14/r_compiler-error_09-30-27-505.md
janv. 14, 2024 9:31:18 AM scala.meta.internal.pc.CompilerAccess handleError
GRAVE: A severe compiler error occurred, full details of the error can be found in the error report /home/valentin/Bureau/Labo/Java/PO - L2/Projet PO/.metals/.reports/metals-full/2024-01-14/r_compiler-error_09-31-18-113.md
2024.01.14 09:31:26 INFO  Shutting down server
2024.01.14 09:31:26 INFO  shutting down Metals
2024.01.14 09:31:26 INFO  Exiting server
